Using pre-set license
Built from '2020.2/release' branch; Version is '2020.2.1f1 (270dd8c3da1c) revision 2559448'; Using compiler version '192528614'; Build Type 'Release'
OS: 'Windows 10  (10.0.0) 64bit' Language: 'en' Physical Memory: 8066 MB
BatchMode: 1, IsHumanControllingUs: 0, StartBugReporterOnCrash: 0, Is64bit: 1, IsPro: 0

 COMMAND LINE ARGUMENTS:
E:\Unity\2020.2.1f1\Editor\Unity.exe
-adb2
-batchMode
-noUpm
-name
AssetImportWorker0
-projectPath
E:/Projeler/UnityGames/ArDrone
-logFile
Logs/AssetImportWorker0.log
-srvPort
62129
Successfully changed project path to: E:/Projeler/UnityGames/ArDrone
E:/Projeler/UnityGames/ArDrone
Using Asset Import Pipeline V2.
Refreshing native plugins compatible for Editor in 36.36 ms, found 0 plugins.
Preloading 0 native plugins for Editor in 0.00 ms.
Initialize engine version: 2020.2.1f1 (270dd8c3da1c)
[Subsystems] Discovering subsystems at path E:/Unity/2020.2.1f1/Editor/Data/Resources/UnitySubsystems
[Subsystems] Discovering subsystems at path E:/Projeler/UnityGames/ArDrone/Assets
GfxDevice: creating device client; threaded=0
Direct3D:
    Version:  Direct3D 11.0 [level 11.1]
    Renderer: Intel(R) HD Graphics 620 (ID=0x5916)
    Vendor:   
    VRAM:     4033 MB
    Driver:   21.20.16.4550
Initialize mono
Mono path[0] = 'E:/Unity/2020.2.1f1/Editor/Data/Managed'
Mono path[1] = 'E:/Unity/2020.2.1f1/Editor/Data/MonoBleedingEdge/lib/mono/unityjit'
Mono config path = 'E:/Unity/2020.2.1f1/Editor/Data/MonoBleedingEdge/etc'
Using monoOptions --debugger-agent=transport=dt_socket,embedding=1,server=y,suspend=n,address=127.0.0.1:56952
Begin MonoManager ReloadAssembly
Registering precompiled unity dll's ...
Register platform support module: E:/Unity/2020.2.1f1/Editor/Data/PlaybackEngines/WebGLSupport/UnityEditor.WebGL.Extensions.dll
Register platform support module: E:/Unity/2020.2.1f1/Editor/Data/PlaybackEngines/WindowsStandaloneSupport/UnityEditor.WindowsStandalone.Extensions.dll
Registered in 0.001431 seconds.
Native extension for WindowsStandalone target not found
Native extension for WebGL target not found
Refreshing native plugins compatible for Editor in 34.90 ms, found 0 plugins.
Preloading 0 native plugins for Editor in 0.00 ms.
Invoked RoslynAnalysisRunner static constructor.
RoslynAnalysisRunner will not be running.
RoslynAnalysisRunner has terminated.
Mono: successfully reloaded assembly
- Completed reload, in  2.012 seconds
Platform modules already initialized, skipping
Registering precompiled user dll's ...
Registered in 0.000690 seconds.
Begin MonoManager ReloadAssembly
Native extension for WindowsStandalone target not found
Native extension for WebGL target not found
Refreshing native plugins compatible for Editor in 43.52 ms, found 0 plugins.
Preloading 0 native plugins for Editor in 0.00 ms.
Invoked RoslynAnalysisRunner static constructor.
RoslynAnalysisRunner will not be running.
RoslynAnalysisRunner has terminated.
Mono: successfully reloaded assembly
- Completed reload, in  1.298 seconds
Platform modules already initialized, skipping
========================================================================
Worker process is ready to serve import requests
Launched and connected shader compiler UnityShaderCompiler.exe after 0.07 seconds
Refreshing native plugins compatible for Editor in 0.60 ms, found 0 plugins.
Preloading 0 native plugins for Editor in 0.00 ms.
Unloading 1486 Unused Serialized files (Serialized files now loaded: 0)
System memory in use before: 68.0 MB.
System memory in use after: 68.0 MB.

Unloading 13 unused Assets to reduce memory usage. Loaded Objects now: 1926.
Total: 3.559200 ms (FindLiveObjects: 0.355000 ms CreateObjectMapping: 0.135000 ms MarkObjects: 2.926200 ms  DeleteObjects: 0.140900 ms)

========================================================================
Received Import Request.
  path: Assets/Scenes
  artifactKey: Guid(ad30cea3a8c289b458c5a4cf5c2fe65e) Importer(815301076,1909f56bfc062723c751e8b465ee728b)
Start importing Assets/Scenes using Guid(ad30cea3a8c289b458c5a4cf5c2fe65e) Importer(815301076,1909f56bfc062723c751e8b465ee728b)  -> (artifact id: '1379ef99aee4476d9b823af6bf37e3e8') in 0.059484 seconds
  Import took 0.084324 seconds .

========================================================================
Received Import Request.
  Time since last request: 2.003862 seconds.
  path: Assets/Scenes/MainScenen.unity
  artifactKey: Guid(9fa5dba4c4ece964ca51d30d3321ff02) Importer(815301076,1909f56bfc062723c751e8b465ee728b)
Start importing Assets/Scenes/MainScenen.unity using Guid(9fa5dba4c4ece964ca51d30d3321ff02) Importer(815301076,1909f56bfc062723c751e8b465ee728b)  -> (artifact id: '90f94ad3d298dfb7c62b3bc2df25eb26') in 0.020268 seconds
  Import took 0.023513 seconds .

========================================================================
Received Import Request.
  Time since last request: 0.010674 seconds.
  path: Assets/Scenes/MainScenen.unity
  artifactKey: Guid(9fa5dba4c4ece964ca51d30d3321ff02) Importer(815301076,1909f56bfc062723c751e8b465ee728b)
Start importing Assets/Scenes/MainScenen.unity using Guid(9fa5dba4c4ece964ca51d30d3321ff02) Importer(815301076,1909f56bfc062723c751e8b465ee728b)  -> (artifact id: '90f94ad3d298dfb7c62b3bc2df25eb26') in 0.008158 seconds
  Import took 0.028686 seconds .

========================================================================
Received Import Request.
  Time since last request: 377.727374 seconds.
  path: Assets
  artifactKey: Guid(00000000000000001000000000000000) Importer(815301076,1909f56bfc062723c751e8b465ee728b)
Start importing Assets using Guid(00000000000000001000000000000000) Importer(815301076,1909f56bfc062723c751e8b465ee728b)  -> (artifact id: 'e1a2c4dac9df7c17871e19a3b74f0e9f') in 0.011787 seconds
  Import took 0.018815 seconds .

========================================================================
Received Import Request.
  Time since last request: 13.527531 seconds.
  path: Assets/Scripts/MainMenuManager.cs
  artifactKey: Guid(ef3821fdd973ff747aa49fe7a4655867) Importer(815301076,1909f56bfc062723c751e8b465ee728b)
Start importing Assets/Scripts/MainMenuManager.cs using Guid(ef3821fdd973ff747aa49fe7a4655867) Importer(815301076,1909f56bfc062723c751e8b465ee728b)  -> (artifact id: 'bc7bb44e01d7e7c555dd9b141c4ac556') in 0.062798 seconds
  Import took 0.065626 seconds .

========================================================================
Received Import Request.
  Time since last request: 63.889215 seconds.
  path: Assets/Scripts/MainMenuManager.cs
  artifactKey: Guid(ef3821fdd973ff747aa49fe7a4655867) Importer(815301076,1909f56bfc062723c751e8b465ee728b)
Start importing Assets/Scripts/MainMenuManager.cs using Guid(ef3821fdd973ff747aa49fe7a4655867) Importer(815301076,1909f56bfc062723c751e8b465ee728b)  -> (artifact id: 'af256a68772c56523175f83ad3af6797') in 0.014051 seconds
  Import took 0.020542 seconds .

========================================================================
Received Import Request.
  Time since last request: 0.022893 seconds.
  path: Assets/Scripts/MainMenuManager.cs
  artifactKey: Guid(ef3821fdd973ff747aa49fe7a4655867) Importer(815301076,1909f56bfc062723c751e8b465ee728b)
Start importing Assets/Scripts/MainMenuManager.cs using Guid(ef3821fdd973ff747aa49fe7a4655867) Importer(815301076,1909f56bfc062723c751e8b465ee728b)  -> (artifact id: 'af256a68772c56523175f83ad3af6797') in 0.006601 seconds
  Import took 0.012295 seconds .

========================================================================
Received Prepare
Registering precompiled user dll's ...
Registered in 0.001065 seconds.
Begin MonoManager ReloadAssembly
Native extension for WindowsStandalone target not found
Native extension for WebGL target not found
Refreshing native plugins compatible for Editor in 0.38 ms, found 0 plugins.
Preloading 0 native plugins for Editor in 0.00 ms.
Invoked RoslynAnalysisRunner static constructor.
RoslynAnalysisRunner will not be running.
RoslynAnalysisRunner has terminated.
Mono: successfully reloaded assembly
- Completed reload, in  1.081 seconds
Platform modules already initialized, skipping
Refreshing native plugins compatible for Editor in 0.95 ms, found 0 plugins.
Preloading 0 native plugins for Editor in 0.00 ms.
Unloading 1491 Unused Serialized files (Serialized files now loaded: 0)
System memory in use before: 69.7 MB.
System memory in use after: 69.1 MB.

Unloading 21 unused Assets to reduce memory usage. Loaded Objects now: 1930.
Total: 3.237600 ms (FindLiveObjects: 0.283900 ms CreateObjectMapping: 0.098200 ms MarkObjects: 2.402900 ms  DeleteObjects: 0.450700 ms)

========================================================================
Received Prepare
Registering precompiled user dll's ...
Registered in 0.000802 seconds.
Begin MonoManager ReloadAssembly
Native extension for WindowsStandalone target not found
Native extension for WebGL target not found
Refreshing native plugins compatible for Editor in 0.38 ms, found 0 plugins.
Preloading 0 native plugins for Editor in 0.00 ms.
Invoked RoslynAnalysisRunner static constructor.
RoslynAnalysisRunner will not be running.
RoslynAnalysisRunner has terminated.
Mono: successfully reloaded assembly
- Completed reload, in  1.197 seconds
Platform modules already initialized, skipping
Refreshing native plugins compatible for Editor in 0.56 ms, found 0 plugins.
Preloading 0 native plugins for Editor in 0.00 ms.
Unloading 1492 Unused Serialized files (Serialized files now loaded: 0)
System memory in use before: 69.9 MB.
System memory in use after: 69.4 MB.

Unloading 21 unused Assets to reduce memory usage. Loaded Objects now: 1933.
Total: 4.485700 ms (FindLiveObjects: 0.626800 ms CreateObjectMapping: 0.150100 ms MarkObjects: 3.161400 ms  DeleteObjects: 0.545100 ms)

========================================================================
Received Prepare
Registering precompiled user dll's ...
Registered in 0.001423 seconds.
Begin MonoManager ReloadAssembly
Native extension for WindowsStandalone target not found
Native extension for WebGL target not found
Refreshing native plugins compatible for Editor in 0.51 ms, found 0 plugins.
Preloading 0 native plugins for Editor in 0.00 ms.
Invoked RoslynAnalysisRunner static constructor.
RoslynAnalysisRunner will not be running.
RoslynAnalysisRunner has terminated.
Mono: successfully reloaded assembly
- Completed reload, in  1.140 seconds
Platform modules already initialized, skipping
Refreshing native plugins compatible for Editor in 0.92 ms, found 0 plugins.
Preloading 0 native plugins for Editor in 0.00 ms.
Unloading 1492 Unused Serialized files (Serialized files now loaded: 0)
System memory in use before: 70.1 MB.
System memory in use after: 69.6 MB.

Unloading 21 unused Assets to reduce memory usage. Loaded Objects now: 1936.
Total: 4.101200 ms (FindLiveObjects: 0.305200 ms CreateObjectMapping: 0.133700 ms MarkObjects: 3.007800 ms  DeleteObjects: 0.652700 ms)

========================================================================
Received Prepare
Registering precompiled user dll's ...
Registered in 0.000872 seconds.
Begin MonoManager ReloadAssembly
Native extension for WindowsStandalone target not found
Native extension for WebGL target not found
Refreshing native plugins compatible for Editor in 0.35 ms, found 0 plugins.
Preloading 0 native plugins for Editor in 0.00 ms.
Invoked RoslynAnalysisRunner static constructor.
RoslynAnalysisRunner will not be running.
RoslynAnalysisRunner has terminated.
Mono: successfully reloaded assembly
- Completed reload, in  0.993 seconds
Platform modules already initialized, skipping
Refreshing native plugins compatible for Editor in 1.01 ms, found 0 plugins.
Preloading 0 native plugins for Editor in 0.00 ms.
Unloading 1492 Unused Serialized files (Serialized files now loaded: 0)
System memory in use before: 70.3 MB.
System memory in use after: 69.8 MB.

Unloading 21 unused Assets to reduce memory usage. Loaded Objects now: 1939.
Total: 29.297600 ms (FindLiveObjects: 0.431300 ms CreateObjectMapping: 0.136600 ms MarkObjects: 28.174800 ms  DeleteObjects: 0.552300 ms)

========================================================================
Received Import Request.
  Time since last request: 132.684516 seconds.
  path: Assets/Scenes/SampleScene.unity
  artifactKey: Guid(9fc0d4010bbf28b4594072e72b8655ab) Importer(815301076,1909f56bfc062723c751e8b465ee728b)
Start importing Assets/Scenes/SampleScene.unity using Guid(9fc0d4010bbf28b4594072e72b8655ab) Importer(815301076,1909f56bfc062723c751e8b465ee728b)  -> (artifact id: 'ee9aecb48e0d82e8eb9c0fef348741a0') in 0.027102 seconds
  Import took 0.096992 seconds .

========================================================================
Received Prepare
Refreshing native plugins compatible for Editor in 2.04 ms, found 0 plugins.
Preloading 0 native plugins for Editor in 0.00 ms.
Unloading 21 Unused Serialized files (Serialized files now loaded: 0)
System memory in use before: 41.0 MB.
System memory in use after: 40.4 MB.

Unloading 17 unused Assets to reduce memory usage. Loaded Objects now: 1940.
Total: 5.097700 ms (FindLiveObjects: 0.310100 ms CreateObjectMapping: 0.137400 ms MarkObjects: 4.094900 ms  DeleteObjects: 0.553100 ms)

========================================================================
Received Prepare
Refreshing native plugins compatible for Editor in 1.42 ms, found 0 plugins.
Preloading 0 native plugins for Editor in 0.00 ms.
Unloading 17 Unused Serialized files (Serialized files now loaded: 0)
System memory in use before: 41.1 MB.
System memory in use after: 40.5 MB.

Unloading 17 unused Assets to reduce memory usage. Loaded Objects now: 1940.
Total: 5.629000 ms (FindLiveObjects: 0.385000 ms CreateObjectMapping: 0.146400 ms MarkObjects: 4.648200 ms  DeleteObjects: 0.446500 ms)

AssetImportWorkerClient::OnTransportError - code=2 error=End of file
